  Compiling CUDA source file kernel.cu...
  
  C:\Users\user\Documents\GitHub\CUDA\CudaRuntime\CudaRuntime>"C:\Program Files\NVIDIA GPU Computing Toolkit\CUDA\v12.1\bin\nvcc.exe" -gencode=arch=compute_52,code=\"sm_52,compute_52\" --use-local-env -ccbin "C:\Program Files\Microsoft Visual Studio\2022\Community\VC\Tools\MSVC\14.35.32215\bin\HostX64\x64" -x cu   -I"C:\Program Files\NVIDIA GPU Computing Toolkit\CUDA\v12.1\include" -I"C:\Program Files\NVIDIA GPU Computing Toolkit\CUDA\v12.1\include"  -G   --keep-dir x64\Debug  -maxrregcount=0   --machine 64 --compile -cudart static  -g  -DWIN32 -DWIN64 -D_DEBUG -D_CONSOLE -D_MBCS -Xcompiler "/EHsc /W3 /nologo /Od /FS /Zi /RTC1 /MDd " -Xcompiler "/Fdx64\Debug\vc143.pdb" -o C:\Users\user\Documents\GitHub\CUDA\CudaRuntime\CudaRuntime\x64\Debug\kernel.cu.obj "C:\Users\user\Documents\GitHub\CUDA\CudaRuntime\CudaRuntime\kernel.cu" 
C:\Users\user\Documents\GitHub\CUDA\CudaRuntime\CudaRuntime\kernel.cu(89): warning #546-D: transfer of control bypasses initialization of:
              variable "elapsed" (declared at line 116)
            goto Error;
            ^
  
  Remark: The warnings can be suppressed with "-diag-suppress <warning-number>"
  
C:\Users\user\Documents\GitHub\CUDA\CudaRuntime\CudaRuntime\kernel.cu(96): warning #546-D: transfer of control bypasses initialization of:
              variable "elapsed" (declared at line 116)
            goto Error;
            ^
  
C:\Users\user\Documents\GitHub\CUDA\CudaRuntime\CudaRuntime\kernel.cu(102): warning #546-D: transfer of control bypasses initialization of:
              variable "elapsed" (declared at line 116)
            goto Error;
            ^
  
C:\Users\user\Documents\GitHub\CUDA\CudaRuntime\CudaRuntime\kernel.cu(110): warning #546-D: transfer of control bypasses initialization of:
              variable "elapsed" (declared at line 116)
            goto Error;
            ^
  
C:\Users\user\Documents\GitHub\CUDA\CudaRuntime\CudaRuntime\kernel.cu(89): warning #546-D: transfer of control bypasses initialization of:
              variable "elapsed" (declared at line 116)
            goto Error;
            ^
  
  Remark: The warnings can be suppressed with "-diag-suppress <warning-number>"
  
C:\Users\user\Documents\GitHub\CUDA\CudaRuntime\CudaRuntime\kernel.cu(96): warning #546-D: transfer of control bypasses initialization of:
              variable "elapsed" (declared at line 116)
            goto Error;
            ^
  
C:\Users\user\Documents\GitHub\CUDA\CudaRuntime\CudaRuntime\kernel.cu(102): warning #546-D: transfer of control bypasses initialization of:
              variable "elapsed" (declared at line 116)
            goto Error;
            ^
  
C:\Users\user\Documents\GitHub\CUDA\CudaRuntime\CudaRuntime\kernel.cu(110): warning #546-D: transfer of control bypasses initialization of:
              variable "elapsed" (declared at line 116)
            goto Error;
            ^
  
  kernel.cu
  tmpxft_000022c8_00000000-7_kernel.cudafe1.cpp
  CudaRuntime.vcxproj -> C:\Users\user\Documents\GitHub\CUDA\CudaRuntime\x64\Debug\CudaRuntime.exe
